{"C:\\Users\\ryan.stephenson\\Documents\\dig-aa-pwrt-web\\src\\Assets\\recoveryStateReasons.js": {"path":"C:\\Users\\ryan.stephenson\\Documents\\dig-aa-pwrt-web\\src\\Assets\\recoveryStateReasons.js","statementMap":{"0":{"start":{"line":1,"column":29},"end":{"line":1,"column":38}},"1":{"start":{"line":3,"column":0},"end":{"line":3,"column":344}},"2":{"start":{"line":4,"column":0},"end":{"line":4,"column":143}},"3":{"start":{"line":5,"column":0},"end":{"line":5,"column":81}},"4":{"start":{"line":6,"column":0},"end":{"line":6,"column":90}},"5":{"start":{"line":7,"column":0},"end":{"line":7,"column":92}}},"fnMap":{},"branchMap":{},"s":{"0":2,"1":2,"2":2,"3":2,"4":2,"5":2},"f":{},"b":{},"_coverageSchema":"43e27e138ebf9cfc5966b082cf9a028302ed4184","hash":"e41a23e917ac62e2b3a5b4d896cd3bb826188a09"}
,"C:\\Users\\ryan.stephenson\\Documents\\dig-aa-pwrt-web\\src\\Assets\\recoveryStates.js": {"path":"C:\\Users\\ryan.stephenson\\Documents\\dig-aa-pwrt-web\\src\\Assets\\recoveryStates.js","statementMap":{"0":{"start":{"line":1,"column":23},"end":{"line":1,"column":32}},"1":{"start":{"line":3,"column":0},"end":{"line":3,"column":66}},"2":{"start":{"line":4,"column":0},"end":{"line":4,"column":50}},"3":{"start":{"line":5,"column":0},"end":{"line":5,"column":35}},"4":{"start":{"line":6,"column":0},"end":{"line":6,"column":57}},"5":{"start":{"line":7,"column":0},"end":{"line":7,"column":64}}},"fnMap":{},"branchMap":{},"s":{"0":3,"1":3,"2":3,"3":3,"4":3,"5":3},"f":{},"b":{},"_coverageSchema":"43e27e138ebf9cfc5966b082cf9a028302ed4184","hash":"cf60e630f53dc3a4c6a4cef24b9b108a43c79df5"}
,"C:\\Users\\ryan.stephenson\\Documents\\dig-aa-pwrt-web\\src\\Components\\RecoveryForm\\validate.js": {"path":"C:\\Users\\ryan.stephenson\\Documents\\dig-aa-pwrt-web\\src\\Components\\RecoveryForm\\validate.js","statementMap":{"0":{"start":{"line":2,"column":17},"end":{"line":17,"column":1}},"1":{"start":{"line":3,"column":19},"end":{"line":3,"column":21}},"2":{"start":{"line":4,"column":27},"end":{"line":4,"column":76}},"3":{"start":{"line":6,"column":4},"end":{"line":10,"column":6}},"4":{"start":{"line":7,"column":8},"end":{"line":9,"column":9}},"5":{"start":{"line":8,"column":12},"end":{"line":8,"column":38}},"6":{"start":{"line":12,"column":4},"end":{"line":14,"column":5}},"7":{"start":{"line":13,"column":8},"end":{"line":13,"column":42}},"8":{"start":{"line":16,"column":4},"end":{"line":16,"column":17}}},"fnMap":{"0":{"name":"(anonymous_0)","decl":{"start":{"line":2,"column":17},"end":{"line":2,"column":18}},"loc":{"start":{"line":2,"column":27},"end":{"line":17,"column":1}},"line":2},"1":{"name":"(anonymous_1)","decl":{"start":{"line":6,"column":27},"end":{"line":6,"column":28}},"loc":{"start":{"line":6,"column":36},"end":{"line":10,"column":5}},"line":6}},"branchMap":{"0":{"loc":{"start":{"line":7,"column":8},"end":{"line":9,"column":9}},"type":"if","locations":[{"start":{"line":7,"column":8},"end":{"line":9,"column":9}},{"start":{"line":7,"column":8},"end":{"line":9,"column":9}}],"line":7},"1":{"loc":{"start":{"line":12,"column":4},"end":{"line":14,"column":5}},"type":"if","locations":[{"start":{"line":12,"column":4},"end":{"line":14,"column":5}},{"start":{"line":12,"column":4},"end":{"line":14,"column":5}}],"line":12},"2":{"loc":{"start":{"line":12,"column":8},"end":{"line":12,"column":53}},"type":"binary-expr","locations":[{"start":{"line":12,"column":8},"end":{"line":12,"column":22}},{"start":{"line":12,"column":26},"end":{"line":12,"column":53}}],"line":12}},"s":{"0":1,"1":5,"2":5,"3":5,"4":15,"5":3,"6":5,"7":1,"8":5},"f":{"0":5,"1":15},"b":{"0":[3,12],"1":[1,4],"2":[5,4]},"_coverageSchema":"43e27e138ebf9cfc5966b082cf9a028302ed4184","hash":"87b88b80111250f209c749f792eec9fa551205e3"}
,"C:\\Users\\ryan.stephenson\\Documents\\dig-aa-pwrt-web\\src\\Components\\RecoveryForm\\validateUrlParams.js": {"path":"C:\\Users\\ryan.stephenson\\Documents\\dig-aa-pwrt-web\\src\\Components\\RecoveryForm\\validateUrlParams.js","statementMap":{"0":{"start":{"line":3,"column":30},"end":{"line":10,"column":1}},"1":{"start":{"line":5,"column":4},"end":{"line":9,"column":104}},"2":{"start":{"line":9,"column":6},"end":{"line":9,"column":104}}},"fnMap":{"0":{"name":"(anonymous_0)","decl":{"start":{"line":3,"column":30},"end":{"line":3,"column":31}},"loc":{"start":{"line":3,"column":68},"end":{"line":10,"column":1}},"line":3}},"branchMap":{"0":{"loc":{"start":{"line":5,"column":4},"end":{"line":9,"column":104}},"type":"if","locations":[{"start":{"line":5,"column":4},"end":{"line":9,"column":104}},{"start":{"line":5,"column":4},"end":{"line":9,"column":104}}],"line":5},"1":{"loc":{"start":{"line":6,"column":8},"end":{"line":8,"column":65}},"type":"binary-expr","locations":[{"start":{"line":6,"column":8},"end":{"line":6,"column":27}},{"start":{"line":7,"column":11},"end":{"line":7,"column":40}},{"start":{"line":8,"column":11},"end":{"line":8,"column":65}}],"line":6}},"s":{"0":1,"1":5,"2":4},"f":{"0":5},"b":{"0":[4,1],"1":[5,3,2]},"_coverageSchema":"43e27e138ebf9cfc5966b082cf9a028302ed4184","hash":"e05e026e09e62c825a3c43a2faa8ddff2361bb6e"}
,"C:\\Users\\ryan.stephenson\\Documents\\dig-aa-pwrt-web\\src\\ducks\\recoveryForm.js": {"path":"C:\\Users\\ryan.stephenson\\Documents\\dig-aa-pwrt-web\\src\\ducks\\recoveryForm.js","statementMap":{"0":{"start":{"line":12,"column":30},"end":{"line":12,"column":59}},"1":{"start":{"line":13,"column":30},"end":{"line":13,"column":59}},"2":{"start":{"line":14,"column":29},"end":{"line":14,"column":57}},"3":{"start":{"line":15,"column":23},"end":{"line":15,"column":45}},"4":{"start":{"line":16,"column":36},"end":{"line":16,"column":71}},"5":{"start":{"line":17,"column":36},"end":{"line":17,"column":71}},"6":{"start":{"line":23,"column":21},"end":{"line":27,"column":1}},"7":{"start":{"line":30,"column":4},"end":{"line":47,"column":5}},"8":{"start":{"line":32,"column":12},"end":{"line":32,"column":75}},"9":{"start":{"line":34,"column":12},"end":{"line":34,"column":73}},"10":{"start":{"line":36,"column":12},"end":{"line":36,"column":75}},"11":{"start":{"line":39,"column":26},"end":{"line":39,"column":66}},"12":{"start":{"line":40,"column":12},"end":{"line":40,"column":85}},"13":{"start":{"line":43,"column":26},"end":{"line":43,"column":59}},"14":{"start":{"line":44,"column":12},"end":{"line":44,"column":78}},"15":{"start":{"line":46,"column":12},"end":{"line":46,"column":24}},"16":{"start":{"line":54,"column":22},"end":{"line":57,"column":1}},"17":{"start":{"line":55,"column":4},"end":{"line":55,"column":39}},"18":{"start":{"line":56,"column":4},"end":{"line":56,"column":51}},"19":{"start":{"line":59,"column":34},"end":{"line":61,"column":1}},"20":{"start":{"line":60,"column":4},"end":{"line":60,"column":57}},"21":{"start":{"line":63,"column":34},"end":{"line":65,"column":1}},"22":{"start":{"line":64,"column":4},"end":{"line":64,"column":57}},"23":{"start":{"line":67,"column":29},"end":{"line":69,"column":1}},"24":{"start":{"line":68,"column":4},"end":{"line":68,"column":50}},"25":{"start":{"line":71,"column":28},"end":{"line":73,"column":1}},"26":{"start":{"line":72,"column":4},"end":{"line":72,"column":50}},"27":{"start":{"line":75,"column":23},"end":{"line":77,"column":1}},"28":{"start":{"line":76,"column":4},"end":{"line":76,"column":44}}},"fnMap":{"0":{"name":"(anonymous_0)","decl":{"start":{"line":29,"column":15},"end":{"line":29,"column":16}},"loc":{"start":{"line":29,"column":54},"end":{"line":48,"column":1}},"line":29},"1":{"name":"(anonymous_1)","decl":{"start":{"line":54,"column":22},"end":{"line":54,"column":23}},"loc":{"start":{"line":54,"column":31},"end":{"line":57,"column":1}},"line":54},"2":{"name":"(anonymous_2)","decl":{"start":{"line":59,"column":34},"end":{"line":59,"column":35}},"loc":{"start":{"line":59,"column":43},"end":{"line":61,"column":1}},"line":59},"3":{"name":"(anonymous_3)","decl":{"start":{"line":63,"column":34},"end":{"line":63,"column":35}},"loc":{"start":{"line":63,"column":43},"end":{"line":65,"column":1}},"line":63},"4":{"name":"(anonymous_4)","decl":{"start":{"line":67,"column":29},"end":{"line":67,"column":30}},"loc":{"start":{"line":67,"column":37},"end":{"line":69,"column":1}},"line":67},"5":{"name":"(anonymous_5)","decl":{"start":{"line":71,"column":28},"end":{"line":71,"column":29}},"loc":{"start":{"line":71,"column":37},"end":{"line":73,"column":1}},"line":71},"6":{"name":"(anonymous_6)","decl":{"start":{"line":75,"column":23},"end":{"line":75,"column":24}},"loc":{"start":{"line":75,"column":32},"end":{"line":77,"column":1}},"line":75}},"branchMap":{"0":{"loc":{"start":{"line":29,"column":24},"end":{"line":29,"column":44}},"type":"default-arg","locations":[{"start":{"line":29,"column":32},"end":{"line":29,"column":44}}],"line":29},"1":{"loc":{"start":{"line":30,"column":4},"end":{"line":47,"column":5}},"type":"switch","locations":[{"start":{"line":31,"column":8},"end":{"line":32,"column":75}},{"start":{"line":33,"column":8},"end":{"line":34,"column":73}},{"start":{"line":35,"column":8},"end":{"line":36,"column":75}},{"start":{"line":37,"column":8},"end":{"line":40,"column":85}},{"start":{"line":41,"column":8},"end":{"line":44,"column":78}},{"start":{"line":45,"column":8},"end":{"line":46,"column":24}}],"line":30}},"s":{"0":1,"1":1,"2":1,"3":1,"4":1,"5":1,"6":1,"7":3,"8":0,"9":0,"10":0,"11":1,"12":1,"13":1,"14":1,"15":1,"16":1,"17":0,"18":0,"19":1,"20":1,"21":1,"22":1,"23":1,"24":0,"25":1,"26":0,"27":1,"28":0},"f":{"0":3,"1":0,"2":1,"3":1,"4":0,"5":0,"6":0},"b":{"0":[3],"1":[0,0,0,1,1,1]},"_coverageSchema":"43e27e138ebf9cfc5966b082cf9a028302ed4184","hash":"3f393bf560e473d745ed8eba250eabc8009fa866"}
}
