TN:
SF:C:\Users\ryan.stephenson\Documents\dig-aa-pwrt-web\src\Assets\recoveryStateReasons.js
FNF:0
FNH:0
DA:1,2
DA:3,2
DA:4,2
DA:5,2
DA:6,2
DA:7,2
LF:6
LH:6
BRF:0
BRH:0
end_of_record
TN:
SF:C:\Users\ryan.stephenson\Documents\dig-aa-pwrt-web\src\Assets\recoveryStates.js
FNF:0
FNH:0
DA:1,3
DA:3,3
DA:4,3
DA:5,3
DA:6,3
DA:7,3
LF:6
LH:6
BRF:0
BRH:0
end_of_record
TN:
SF:C:\Users\ryan.stephenson\Documents\dig-aa-pwrt-web\src\Components\RecoveryForm\validate.js
FN:2,(anonymous_0)
FN:6,(anonymous_1)
FNF:2
FNH:2
FNDA:5,(anonymous_0)
FNDA:15,(anonymous_1)
DA:2,1
DA:3,5
DA:4,5
DA:6,5
DA:7,15
DA:8,3
DA:12,5
DA:13,1
DA:16,5
LF:9
LH:9
BRDA:7,0,0,3
BRDA:7,0,1,12
BRDA:12,1,0,1
BRDA:12,1,1,4
BRDA:12,2,0,5
BRDA:12,2,1,4
BRF:6
BRH:6
end_of_record
TN:
SF:C:\Users\ryan.stephenson\Documents\dig-aa-pwrt-web\src\Components\RecoveryForm\validateUrlParams.js
FN:3,(anonymous_0)
FNF:1
FNH:1
FNDA:5,(anonymous_0)
DA:3,1
DA:5,5
DA:9,4
LF:3
LH:3
BRDA:5,0,0,4
BRDA:5,0,1,1
BRDA:6,1,0,5
BRDA:6,1,1,3
BRDA:6,1,2,2
BRF:5
BRH:5
end_of_record
TN:
SF:C:\Users\ryan.stephenson\Documents\dig-aa-pwrt-web\src\ducks\recoveryForm.js
FN:29,(anonymous_0)
FN:54,(anonymous_1)
FN:59,(anonymous_2)
FN:63,(anonymous_3)
FN:67,(anonymous_4)
FN:71,(anonymous_5)
FN:75,(anonymous_6)
FNF:7
FNH:3
FNDA:3,(anonymous_0)
FNDA:0,(anonymous_1)
FNDA:1,(anonymous_2)
FNDA:1,(anonymous_3)
FNDA:0,(anonymous_4)
FNDA:0,(anonymous_5)
FNDA:0,(anonymous_6)
DA:12,1
DA:13,1
DA:14,1
DA:15,1
DA:16,1
DA:17,1
DA:23,1
DA:30,3
DA:32,0
DA:34,0
DA:36,0
DA:39,1
DA:40,1
DA:43,1
DA:44,1
DA:46,1
DA:54,1
DA:55,0
DA:56,0
DA:59,1
DA:60,1
DA:63,1
DA:64,1
DA:67,1
DA:68,0
DA:71,1
DA:72,0
DA:75,1
DA:76,0
LF:29
LH:21
BRDA:29,0,0,3
BRDA:30,1,0,0
BRDA:30,1,1,0
BRDA:30,1,2,0
BRDA:30,1,3,1
BRDA:30,1,4,1
BRDA:30,1,5,1
BRF:7
BRH:4
end_of_record
